# JRE version: Java(TM) SE Runtime Environment (8.0_121-b13) (build 1.8.0_121-b13)
# Java VM: Java HotSpot(TM) 64-Bit Server VM (25.121-b13 mixed mode bsd-amd64 compressed oops)
Heap:
 PSYoungGen      total 218112K, used 11751K [0x0000000795580000, 0x00000007a4c80000, 0x00000007c0000000)
  eden space 204800K, 0% used [0x0000000795580000,0x0000000795580000,0x00000007a1d80000)
  from space 13312K, 88% used [0x00000007a2b80000,0x00000007a36f9c18,0x00000007a3880000)
  to   space 14336K, 0% used [0x00000007a1d80000,0x00000007a1d80000,0x00000007a2b80000)
 ParOldGen       total 53248K, used 10537K [0x0000000740000000, 0x0000000743400000, 0x0000000795580000)
  object space 53248K, 19% used [0x0000000740000000,0x0000000740a4a550,0x0000000743400000)
 Metaspace       used 34570K, capacity 35212K, committed 35416K, reserved 1079296K
  class space    used 4721K, capacity 4943K, committed 4952K, reserved 1048576K
GC Heap History (10 events):
Event: 4.609 GC heap after
Heap after GC invocations=5 (full 0):
 PSYoungGen      total 71680K, used 5104K [0x0000000795580000, 0x000000079ec80000, 0x00000007c0000000)
  eden space 66560K, 0% used [0x0000000795580000,0x0000000795580000,0x0000000799680000)
  from space 5120K, 99% used [0x0000000799680000,0x0000000799b7c020,0x0000000799b80000)
  to   space 10752K, 0% used [0x000000079e200000,0x000000079e200000,0x000000079ec80000)
 ParOldGen       total 87552K, used 9278K [0x0000000740000000, 0x0000000745580000, 0x0000000795580000)
  object space 87552K, 10% used [0x0000000740000000,0x000000074090f990,0x0000000745580000)
 Metaspace       used 20828K, capacity 21074K, committed 21248K, reserved 1067008K
  class space    used 2867K, capacity 2968K, committed 3072K, reserved 1048576K
}
Event: 4.609 GC heap before
{Heap before GC invocations=6 (full 1):
 PSYoungGen      total 71680K, used 5104K [0x0000000795580000, 0x000000079ec80000, 0x00000007c0000000)
  eden space 66560K, 0% used [0x0000000795580000,0x0000000795580000,0x0000000799680000)
  from space 5120K, 99% used [0x0000000799680000,0x0000000799b7c020,0x0000000799b80000)
  to   space 10752K, 0% used [0x000000079e200000,0x000000079e200000,0x000000079ec80000)
 ParOldGen       total 87552K, used 9278K [0x0000000740000000, 0x0000000745580000, 0x0000000795580000)
  object space 87552K, 10% used [0x0000000740000000,0x000000074090f990,0x0000000745580000)
 Metaspace       used 20828K, capacity 21074K, committed 21248K, reserved 1067008K
  class space    used 2867K, capacity 2968K, committed 3072K, reserved 1048576K
Event: 4.679 GC heap after
Heap after GC invocations=6 (full 1):
 PSYoungGen      total 71680K, used 0K [0x0000000795580000, 0x000000079ec80000, 0x00000007c0000000)
  eden space 66560K, 0% used [0x0000000795580000,0x0000000795580000,0x0000000799680000)
  from space 5120K, 0% used [0x0000000799680000,0x0000000799680000,0x0000000799b80000)
  to   space 10752K, 0% used [0x000000079e200000,0x000000079e200000,0x000000079ec80000)
 ParOldGen       total 53248K, used 7499K [0x0000000740000000, 0x0000000743400000, 0x0000000795580000)
  object space 53248K, 14% used [0x0000000740000000,0x0000000740752db0,0x0000000743400000)
 Metaspace       used 20828K, capacity 21074K, committed 21248K, reserved 1067008K
  class space    used 2867K, capacity 2968K, committed 3072K, reserved 1048576K
}
Event: 6.296 GC heap before
{Heap before GC invocations=7 (full 1):
 PSYoungGen      total 71680K, used 66560K [0x0000000795580000, 0x000000079ec80000, 0x00000007c0000000)
  eden space 66560K, 100% used [0x0000000795580000,0x0000000799680000,0x0000000799680000)
  from space 5120K, 0% used [0x0000000799680000,0x0000000799680000,0x0000000799b80000)
  to   space 10752K, 0% used [0x000000079e200000,0x000000079e200000,0x000000079ec80000)
 ParOldGen       total 53248K, used 7499K [0x0000000740000000, 0x0000000743400000, 0x0000000795580000)
  object space 53248K, 14% used [0x0000000740000000,0x0000000740752db0,0x0000000743400000)
 Metaspace       used 26522K, capacity 26994K, committed 27264K, reserved 1073152K
  class space    used 3695K, capacity 3871K, committed 3968K, reserved 1048576K
Event: 6.312 GC heap after
Heap after GC invocations=7 (full 1):
 PSYoungGen      total 124928K, used 6389K [0x0000000795580000, 0x000000079e880000, 0x00000007c0000000)
  eden space 118272K, 0% used [0x0000000795580000,0x0000000795580000,0x000000079c900000)
  from space 6656K, 95% used [0x000000079e200000,0x000000079e83d4e0,0x000000079e880000)
  to   space 10752K, 0% used [0x000000079d380000,0x000000079d380000,0x000000079de00000)
 ParOldGen       total 53248K, used 7507K [0x0000000740000000, 0x0000000743400000, 0x0000000795580000)
  object space 53248K, 14% used [0x0000000740000000,0x0000000740754db0,0x0000000743400000)
 Metaspace       used 26522K, capacity 26994K, committed 27264K, reserved 1073152K
  class space    used 3695K, capacity 3871K, committed 3968K, reserved 1048576K
}
Event: 9.261 GC heap before
{Heap before GC invocations=8 (full 1):
 PSYoungGen      total 124928K, used 124661K [0x0000000795580000, 0x000000079e880000, 0x00000007c0000000)
  eden space 118272K, 100% used [0x0000000795580000,0x000000079c900000,0x000000079c900000)
  from space 6656K, 95% used [0x000000079e200000,0x000000079e83d4e0,0x000000079e880000)
  to   space 10752K, 0% used [0x000000079d380000,0x000000079d380000,0x000000079de00000)
 ParOldGen       total 53248K, used 7507K [0x0000000740000000, 0x0000000743400000, 0x0000000795580000)
  object space 53248K, 14% used [0x0000000740000000,0x0000000740754db0,0x0000000743400000)
 Metaspace       used 33932K, capacity 34530K, committed 34816K, reserved 1079296K
  class space    used 4624K, capacity 4782K, committed 4864K, reserved 1048576K
Event: 9.304 GC heap after
Heap after GC invocations=8 (full 1):
 PSYoungGen      total 139776K, used 10748K [0x0000000795580000, 0x00000007a3880000, 0x00000007c0000000)
  eden space 129024K, 0% used [0x0000000795580000,0x0000000795580000,0x000000079d380000)
  from space 10752K, 99% used [0x000000079d380000,0x000000079ddff348,0x000000079de00000)
  to   space 13312K, 0% used [0x00000007a2b80000,0x00000007a2b80000,0x00000007a3880000)
 ParOldGen       total 53248K, used 10529K [0x0000000740000000, 0x0000000743400000, 0x0000000795580000)
  object space 53248K, 19% used [0x0000000740000000,0x0000000740a48550,0x0000000743400000)
 Metaspace       used 33932K, capacity 34530K, committed 34816K, reserved 1079296K
  class space    used 4624K, capacity 4782K, committed 4864K, reserved 1048576K
}
Event: 9.901 GC heap before
{Heap before GC invocations=9 (full 1):
 PSYoungGen      total 139776K, used 41549K [0x0000000795580000, 0x00000007a3880000, 0x00000007c0000000)
  eden space 129024K, 23% used [0x0000000795580000,0x0000000797394440,0x000000079d380000)
  from space 10752K, 99% used [0x000000079d380000,0x000000079ddff348,0x000000079de00000)
  to   space 13312K, 0% used [0x00000007a2b80000,0x00000007a2b80000,0x00000007a3880000)
 ParOldGen       total 53248K, used 10529K [0x0000000740000000, 0x0000000743400000, 0x0000000795580000)
  object space 53248K, 19% used [0x0000000740000000,0x0000000740a48550,0x0000000743400000)
 Metaspace       used 34570K, capacity 35212K, committed 35416K, reserved 1079296K
  class space    used 4721K, capacity 4943K, committed 4952K, reserved 1048576K
Event: 9.927 GC heap after
Heap after GC invocations=9 (full 1):
 PSYoungGen      total 218112K, used 11751K [0x0000000795580000, 0x00000007a4c80000, 0x00000007c0000000)
  eden space 204800K, 0% used [0x0000000795580000,0x0000000795580000,0x00000007a1d80000)
  from space 13312K, 88% used [0x00000007a2b80000,0x00000007a36f9c18,0x00000007a3880000)
  to   space 14336K, 0% used [0x00000007a1d80000,0x00000007a1d80000,0x00000007a2b80000)
 ParOldGen       total 53248K, used 10537K [0x0000000740000000, 0x0000000743400000, 0x0000000795580000)
  object space 53248K, 19% used [0x0000000740000000,0x0000000740a4a550,0x0000000743400000)
 Metaspace       used 34570K, capacity 35212K, committed 35416K, reserved 1079296K
  class space    used 4721K, capacity 4943K, committed 4952K, reserved 1048576K
}
Event: 9.927 GC heap before
{Heap before GC invocations=10 (full 2):
 PSYoungGen      total 218112K, used 11751K [0x0000000795580000, 0x00000007a4c80000, 0x00000007c0000000)
  eden space 204800K, 0% used [0x0000000795580000,0x0000000795580000,0x00000007a1d80000)
  from space 13312K, 88% used [0x00000007a2b80000,0x00000007a36f9c18,0x00000007a3880000)
  to   space 14336K, 0% used [0x00000007a1d80000,0x00000007a1d80000,0x00000007a2b80000)
 ParOldGen       total 53248K, used 10537K [0x0000000740000000, 0x0000000743400000, 0x0000000795580000)
  object space 53248K, 19% used [0x0000000740000000,0x0000000740a4a550,0x0000000743400000)
 Metaspace       used 34570K, capacity 35212K, committed 35416K, reserved 1079296K
  class space    used 4721K, capacity 4943K, committed 4952K, reserved 1048576K

